<?xml version="1.0" encoding="UTF-8"?>
<!-- Generated by org.testng.reporters.JUnitXMLReporter -->
<testsuite ignored="2" hostname="manoj" failures="0" tests="6" name="TestRunner-chrome" time="247.073" errors="0" timestamp="2024-08-05T20:53:04 IST">
  <testcase classname="com.comcast.crm.contacttest.CreateContactTest" name="CreateContactWithOrgTest" time="52.858"/>
  <testcase classname="com.comcast.crm.contacttest.CreateContactTest" name="createContactTest" time="20.725"/>
  <testcase classname="com.comcast.crm.contacttest.CreateContactTest" name="createContactWithSupportDateTest" time="22.595"/>
  <testcase classname="com.comcast.crm.orgtest.CreateOrganizationTest" name="CreateOrgWithPhonenumberTest" time="33.746"/>
  <testcase classname="com.comcast.crm.orgtest.CreateOrganizationTest" name="createOrgTest" time="21.493"/>
  <testcase classname="com.comcast.crm.orgtest.CreateOrganizationTest" name="createOrgwithIndustrytest" time="24.308"/>
  <testcase classname="GenericUtility.BaseClass" name="@AfterSuite configAS" time="0.0">
    <ignored/>
  </testcase> <!-- @AfterSuite configAS -->
  <testcase classname="GenericUtility.BaseClass" name="@BeforeSuite configBS" time="0.0">
    <ignored/>
  </testcase> <!-- @BeforeSuite configBS -->
</testsuite> <!-- TestRunner-chrome -->
