<?xml version="1.0" encoding="UTF-8"?>
<!-- Generated by org.testng.reporters.JUnitXMLReporter -->
<testsuite ignored="2" hostname="manoj" failures="0" tests="1" name="Test" time="30.625" errors="0" timestamp="2024-08-08T15:23:22 IST">
  <testcase classname="com.comcast.crm.orgtest.CreateOrganizationTest" name="createOrgTest" time="16.636"/>
  <testcase classname="com.comcast.crm.orgtest.CreateOrganizationTest" name="CreateOrgWithPhonenumberTest" time="0.0">
    <ignored/>
  </testcase> <!-- CreateOrgWithPhonenumberTest -->
  <testcase classname="com.comcast.crm.orgtest.CreateOrganizationTest" name="createOrgwithIndustrytest" time="0.0">
    <ignored/>
  </testcase> <!-- createOrgwithIndustrytest -->
</testsuite> <!-- Test -->
